<?xml version="1.0" encoding="UTF-8"?>
<<<<<<< Updated upstream
<testsuite xmlns:xsi="http://www.w3.org/2001/XMLSchema-instance" xsi:noNamespaceSchemaLocation="https://maven.apache.org/surefire/maven-surefire-plugin/xsd/surefire-test-report-3.0.xsd" version="3.0" name="com.compiladores.AppTest" time="0.026" tests="1" errors="0" skipped="0" failures="0">
=======
<testsuite xmlns:xsi="http://www.w3.org/2001/XMLSchema-instance" xsi:noNamespaceSchemaLocation="https://maven.apache.org/surefire/maven-surefire-plugin/xsd/surefire-test-report-3.0.xsd" version="3.0" name="com.compiladores.AppTest" time="0.086" tests="1" errors="0" skipped="0" failures="0">
>>>>>>> Stashed changes
  <properties>
    <property name="java.specification.version" value="19"/>
    <property name="sun.cpu.isalist" value="amd64"/>
    <property name="sun.jnu.encoding" value="Cp1252"/>
<<<<<<< Updated upstream
    <property name="java.class.path" value="C:\Users\Kevin\Desktop\Proyecto-3-Compiladores\scanner-parser\target\test-classes;C:\Users\Kevin\Desktop\Proyecto-3-Compiladores\scanner-parser\target\classes;C:\Users\Kevin\.m2\repository\com\github\vbmacher\java-cup-runtime\11b-20160615-1\java-cup-runtime-11b-20160615-1.jar;C:\Users\Kevin\.m2\repository\org\junit\jupiter\junit-jupiter\5.9.2\junit-jupiter-5.9.2.jar;C:\Users\Kevin\.m2\repository\org\junit\jupiter\junit-jupiter-api\5.9.2\junit-jupiter-api-5.9.2.jar;C:\Users\Kevin\.m2\repository\org\opentest4j\opentest4j\1.2.0\opentest4j-1.2.0.jar;C:\Users\Kevin\.m2\repository\org\junit\platform\junit-platform-commons\1.9.2\junit-platform-commons-1.9.2.jar;C:\Users\Kevin\.m2\repository\org\apiguardian\apiguardian-api\1.1.2\apiguardian-api-1.1.2.jar;C:\Users\Kevin\.m2\repository\org\junit\jupiter\junit-jupiter-params\5.9.2\junit-jupiter-params-5.9.2.jar;C:\Users\Kevin\.m2\repository\org\junit\jupiter\junit-jupiter-engine\5.9.2\junit-jupiter-engine-5.9.2.jar;C:\Users\Kevin\.m2\repository\org\junit\platform\junit-platform-engine\1.9.2\junit-platform-engine-1.9.2.jar;"/>
    <property name="java.vm.vendor" value="Amazon.com Inc."/>
=======
    <property name="java.class.path" value="E:\Casa\Fabricio\TEC\Compi\Proyecto 3\Programa\Proyecto-3-Compiladores\scanner-parser\target\test-classes;E:\Casa\Fabricio\TEC\Compi\Proyecto 3\Programa\Proyecto-3-Compiladores\scanner-parser\target\classes;C:\Users\FamiliaRM\.m2\repository\com\github\vbmacher\java-cup-runtime\11b-20160615-1\java-cup-runtime-11b-20160615-1.jar;C:\Users\FamiliaRM\.m2\repository\org\junit\jupiter\junit-jupiter\5.9.2\junit-jupiter-5.9.2.jar;C:\Users\FamiliaRM\.m2\repository\org\junit\jupiter\junit-jupiter-api\5.9.2\junit-jupiter-api-5.9.2.jar;C:\Users\FamiliaRM\.m2\repository\org\opentest4j\opentest4j\1.2.0\opentest4j-1.2.0.jar;C:\Users\FamiliaRM\.m2\repository\org\junit\platform\junit-platform-commons\1.9.2\junit-platform-commons-1.9.2.jar;C:\Users\FamiliaRM\.m2\repository\org\apiguardian\apiguardian-api\1.1.2\apiguardian-api-1.1.2.jar;C:\Users\FamiliaRM\.m2\repository\org\junit\jupiter\junit-jupiter-params\5.9.2\junit-jupiter-params-5.9.2.jar;C:\Users\FamiliaRM\.m2\repository\org\junit\jupiter\junit-jupiter-engine\5.9.2\junit-jupiter-engine-5.9.2.jar;C:\Users\FamiliaRM\.m2\repository\org\junit\platform\junit-platform-engine\1.9.2\junit-platform-engine-1.9.2.jar;"/>
    <property name="java.vm.vendor" value="Oracle Corporation"/>
>>>>>>> Stashed changes
    <property name="sun.arch.data.model" value="64"/>
    <property name="user.variant" value=""/>
    <property name="java.vendor.url" value="https://aws.amazon.com/corretto/"/>
    <property name="user.timezone" value="America/Costa_Rica"/>
    <property name="os.name" value="Windows 10"/>
    <property name="java.vm.specification.version" value="19"/>
    <property name="sun.java.launcher" value="SUN_STANDARD"/>
<<<<<<< Updated upstream
    <property name="user.country" value="US"/>
    <property name="sun.boot.library.path" value="C:\Users\Kevin\.jdks\corretto-19.0.2\bin"/>
    <property name="sun.java.command" value="C:\Users\Kevin\AppData\Local\Temp\surefire2324337161850993674\surefirebooter-20231125022016998_3.jar C:\Users\Kevin\AppData\Local\Temp\surefire2324337161850993674 2023-11-25T02-20-16_833-jvmRun1 surefire-20231125022016998_1tmp surefire_0-20231125022016998_2tmp"/>
    <property name="jdk.debug" value="release"/>
    <property name="surefire.test.class.path" value="C:\Users\Kevin\Desktop\Proyecto-3-Compiladores\scanner-parser\target\test-classes;C:\Users\Kevin\Desktop\Proyecto-3-Compiladores\scanner-parser\target\classes;C:\Users\Kevin\.m2\repository\com\github\vbmacher\java-cup-runtime\11b-20160615-1\java-cup-runtime-11b-20160615-1.jar;C:\Users\Kevin\.m2\repository\org\junit\jupiter\junit-jupiter\5.9.2\junit-jupiter-5.9.2.jar;C:\Users\Kevin\.m2\repository\org\junit\jupiter\junit-jupiter-api\5.9.2\junit-jupiter-api-5.9.2.jar;C:\Users\Kevin\.m2\repository\org\opentest4j\opentest4j\1.2.0\opentest4j-1.2.0.jar;C:\Users\Kevin\.m2\repository\org\junit\platform\junit-platform-commons\1.9.2\junit-platform-commons-1.9.2.jar;C:\Users\Kevin\.m2\repository\org\apiguardian\apiguardian-api\1.1.2\apiguardian-api-1.1.2.jar;C:\Users\Kevin\.m2\repository\org\junit\jupiter\junit-jupiter-params\5.9.2\junit-jupiter-params-5.9.2.jar;C:\Users\Kevin\.m2\repository\org\junit\jupiter\junit-jupiter-engine\5.9.2\junit-jupiter-engine-5.9.2.jar;C:\Users\Kevin\.m2\repository\org\junit\platform\junit-platform-engine\1.9.2\junit-platform-engine-1.9.2.jar;"/>
=======
    <property name="user.country" value="ES"/>
    <property name="sun.boot.library.path" value="C:\Users\FamiliaRM\.jdks\openjdk-19.0.2\bin"/>
    <property name="sun.java.command" value="C:\Users\FamiliaRM\AppData\Local\Temp\surefire10479177963501040028\surefirebooter-20231123182505026_3.jar C:\Users\FamiliaRM\AppData\Local\Temp\surefire10479177963501040028 2023-11-23T18-25-04_413-jvmRun1 surefire-20231123182505026_1tmp surefire_0-20231123182505026_2tmp"/>
    <property name="jdk.debug" value="release"/>
    <property name="surefire.test.class.path" value="E:\Casa\Fabricio\TEC\Compi\Proyecto 3\Programa\Proyecto-3-Compiladores\scanner-parser\target\test-classes;E:\Casa\Fabricio\TEC\Compi\Proyecto 3\Programa\Proyecto-3-Compiladores\scanner-parser\target\classes;C:\Users\FamiliaRM\.m2\repository\com\github\vbmacher\java-cup-runtime\11b-20160615-1\java-cup-runtime-11b-20160615-1.jar;C:\Users\FamiliaRM\.m2\repository\org\junit\jupiter\junit-jupiter\5.9.2\junit-jupiter-5.9.2.jar;C:\Users\FamiliaRM\.m2\repository\org\junit\jupiter\junit-jupiter-api\5.9.2\junit-jupiter-api-5.9.2.jar;C:\Users\FamiliaRM\.m2\repository\org\opentest4j\opentest4j\1.2.0\opentest4j-1.2.0.jar;C:\Users\FamiliaRM\.m2\repository\org\junit\platform\junit-platform-commons\1.9.2\junit-platform-commons-1.9.2.jar;C:\Users\FamiliaRM\.m2\repository\org\apiguardian\apiguardian-api\1.1.2\apiguardian-api-1.1.2.jar;C:\Users\FamiliaRM\.m2\repository\org\junit\jupiter\junit-jupiter-params\5.9.2\junit-jupiter-params-5.9.2.jar;C:\Users\FamiliaRM\.m2\repository\org\junit\jupiter\junit-jupiter-engine\5.9.2\junit-jupiter-engine-5.9.2.jar;C:\Users\FamiliaRM\.m2\repository\org\junit\platform\junit-platform-engine\1.9.2\junit-platform-engine-1.9.2.jar;"/>
>>>>>>> Stashed changes
    <property name="sun.cpu.endian" value="little"/>
    <property name="user.home" value="C:\Users\Kevin"/>
    <property name="user.language" value="es"/>
    <property name="java.specification.vendor" value="Oracle Corporation"/>
    <property name="java.version.date" value="2023-01-17"/>
    <property name="java.home" value="C:\Users\Kevin\.jdks\corretto-19.0.2"/>
    <property name="file.separator" value="\"/>
<<<<<<< Updated upstream
    <property name="basedir" value="C:\Users\Kevin\Desktop\Proyecto-3-Compiladores\scanner-parser"/>
=======
    <property name="basedir" value="E:\Casa\Fabricio\TEC\Compi\Proyecto 3\Programa\Proyecto-3-Compiladores\scanner-parser"/>
>>>>>>> Stashed changes
    <property name="java.vm.compressedOopsMode" value="Zero based"/>
    <property name="line.separator" value="&#10;"/>
    <property name="java.vm.specification.vendor" value="Oracle Corporation"/>
    <property name="java.specification.name" value="Java Platform API Specification"/>
<<<<<<< Updated upstream
    <property name="surefire.real.class.path" value="C:\Users\Kevin\AppData\Local\Temp\surefire2324337161850993674\surefirebooter-20231125022016998_3.jar"/>
=======
    <property name="surefire.real.class.path" value="C:\Users\FamiliaRM\AppData\Local\Temp\surefire10479177963501040028\surefirebooter-20231123182505026_3.jar"/>
>>>>>>> Stashed changes
    <property name="user.script" value=""/>
    <property name="sun.management.compiler" value="HotSpot 64-Bit Tiered Compilers"/>
    <property name="java.runtime.version" value="19.0.2+7-FR"/>
    <property name="user.name" value="Kevin"/>
    <property name="stdout.encoding" value="Cp1252"/>
    <property name="path.separator" value=";"/>
    <property name="os.version" value="10.0"/>
    <property name="java.runtime.name" value="OpenJDK Runtime Environment"/>
    <property name="file.encoding" value="UTF-8"/>
    <property name="java.vm.name" value="OpenJDK 64-Bit Server VM"/>
    <property name="java.vendor.version" value="Corretto-19.0.2.7.1"/>
    <property name="localRepository" value="C:\Users\Kevin\.m2\repository"/>
    <property name="java.vendor.url.bug" value="https://github.com/corretto/corretto-19/issues/"/>
    <property name="java.io.tmpdir" value="C:\Users\Kevin\AppData\Local\Temp\"/>
    <property name="idea.version" value="2023.2.5"/>
    <property name="java.version" value="19.0.2"/>
<<<<<<< Updated upstream
    <property name="user.dir" value="C:\Users\Kevin\Desktop\Proyecto-3-Compiladores\scanner-parser"/>
=======
    <property name="user.dir" value="E:\Casa\Fabricio\TEC\Compi\Proyecto 3\Programa\Proyecto-3-Compiladores\scanner-parser"/>
>>>>>>> Stashed changes
    <property name="os.arch" value="amd64"/>
    <property name="java.vm.specification.name" value="Java Virtual Machine Specification"/>
    <property name="sun.os.patch.level" value=""/>
    <property name="native.encoding" value="Cp1252"/>
    <property name="java.library.path" value="C:\Users\Kevin\.jdks\corretto-19.0.2\bin;C:\Windows\Sun\Java\bin;C:\Windows\system32;C:\Windows;C:\Windows\system32;C:\Windows;C:\Windows\System32\Wbem;C:\Windows\System32\WindowsPowerShell\v1.0\;C:\Windows\System32\OpenSSH\;C:\Program Files\Git\cmd;C:\Users\Kevin\AppData\Local\Microsoft\WindowsApps;;C:\Users\Kevin\AppData\Local\Programs\Microsoft VS Code\bin;."/>
    <property name="java.vm.info" value="mixed mode, sharing"/>
    <property name="stderr.encoding" value="Cp1252"/>
    <property name="java.vendor" value="Amazon.com Inc."/>
    <property name="java.vm.version" value="19.0.2+7-FR"/>
    <property name="sun.io.unicode.encoding" value="UnicodeLittle"/>
    <property name="java.class.version" value="63.0"/>
  </properties>
<<<<<<< Updated upstream
  <testcase name="shouldAnswerWithTrue" classname="com.compiladores.AppTest" time="0.016"/>
=======
  <testcase name="shouldAnswerWithTrue" classname="com.compiladores.AppTest" time="0.058"/>
>>>>>>> Stashed changes
</testsuite>